<?xml version="1.0" encoding="UTF-8"?>
<testng-results ignored="0" total="1" passed="1" failed="0" skipped="0">
  <reporter-output>
  </reporter-output>
  <suite started-at="2024-09-09T12:35:08 IST" name="Default suite" finished-at="2024-09-09T12:35:33 IST" duration-ms="24765">
    <groups>
    </groups>
    <test started-at="2024-09-09T12:35:08 IST" name="Default test" finished-at="2024-09-09T12:35:33 IST" duration-ms="24765">
      <class name="test.Lotuseyetest">
        <test-method is-config="true" signature="setup()[pri:0, instance:test.Lotuseyetest@2cf3d63b]" started-at="2024-09-09T12:35:08 IST" name="setup" finished-at="2024-09-09T12:35:14 IST" duration-ms="5633" status="PASS">
          <reporter-output>
          </reporter-output>
        </test-method> <!-- setup -->
        <test-method signature="testAppointment()[pri:0, instance:test.Lotuseyetest@2cf3d63b]" started-at="2024-09-09T12:35:14 IST" name="testAppointment" finished-at="2024-09-09T12:35:33 IST" duration-ms="19089" status="PASS">
          <reporter-output>
          </reporter-output>
        </test-method> <!-- testAppointment -->
      </class> <!-- test.Lotuseyetest -->
    </test> <!-- Default test -->
  </suite> <!-- Default suite -->
</testng-results>
